#! /usr/bin/vvp
:ivl_version "11.0 (stable)";
:ivl_delay_selection "TYPICAL";
:vpi_time_precision + 0;
:vpi_module "/usr/lib/x86_64-linux-gnu/ivl/system.vpi";
:vpi_module "/usr/lib/x86_64-linux-gnu/ivl/vhdl_sys.vpi";
:vpi_module "/usr/lib/x86_64-linux-gnu/ivl/vhdl_textio.vpi";
:vpi_module "/usr/lib/x86_64-linux-gnu/ivl/v2005_math.vpi";
:vpi_module "/usr/lib/x86_64-linux-gnu/ivl/va_math.vpi";
:vpi_module "/usr/lib/x86_64-linux-gnu/ivl/v2009.vpi";
S_0x56276ddd5dc0 .scope package, "$unit" "$unit" 2 1;
 .timescale 0 0;
S_0x56276ddd5f50 .scope module, "simple_register" "simple_register" 3 1;
 .timescale 0 0;
    .port_info 0 /INPUT 1 "rst";
    .port_info 1 /INPUT 1 "enable";
    .port_info 2 /INPUT 1 "clk";
    .port_info 3 /INPUT 8 "data";
    .port_info 4 /OUTPUT 8 "out";
P_0x56276ddd60e0 .param/l "WIDTH" 0 3 1, +C4<00000000000000000000000000001000>;
o0x7f597fe30018 .functor BUFZ 1, C4<z>; HiZ drive
v0x56276ddd7ba0_0 .net "clk", 0 0, o0x7f597fe30018;  0 drivers
o0x7f597fe30048 .functor BUFZ 8, C4<zzzzzzzz>; HiZ drive
v0x56276de1eee0_0 .net "data", 7 0, o0x7f597fe30048;  0 drivers
o0x7f597fe30078 .functor BUFZ 1, C4<z>; HiZ drive
v0x56276de1efc0_0 .net "enable", 0 0, o0x7f597fe30078;  0 drivers
v0x56276de1f090_0 .var "out", 7 0;
o0x7f597fe300d8 .functor BUFZ 1, C4<z>; HiZ drive
v0x56276de1f170_0 .net "rst", 0 0, o0x7f597fe300d8;  0 drivers
E_0x56276de0f9b0 .event posedge, v0x56276ddd7ba0_0;
S_0x56276ddfc750 .scope begin, "simple_reg" "simple_reg" 3 9, 3 9 0, S_0x56276ddd5f50;
 .timescale 0 0;
    .scope S_0x56276ddd5f50;
T_0 ;
    %wait E_0x56276de0f9b0;
    %fork t_1, S_0x56276ddfc750;
    %jmp t_0;
    .scope S_0x56276ddfc750;
t_1 ;
    %load/vec4 v0x56276de1f170_0;
    %inv;
    %flag_set/vec4 8;
    %jmp/0xz  T_0.0, 8;
    %pushi/vec4 0, 0, 8;
    %assign/vec4 v0x56276de1f090_0, 0;
    %jmp T_0.1;
T_0.0 ;
    %load/vec4 v0x56276de1efc0_0;
    %flag_set/vec4 8;
    %jmp/0 T_0.2, 8;
    %load/vec4 v0x56276de1eee0_0;
    %jmp/1 T_0.3, 8;
T_0.2 ; End of true expr.
    %load/vec4 v0x56276de1f090_0;
    %jmp/0 T_0.3, 8;
 ; End of false expr.
    %blend;
T_0.3;
    %assign/vec4 v0x56276de1f090_0, 0;
T_0.1 ;
    %end;
    .scope S_0x56276ddd5f50;
t_0 %join;
    %jmp T_0;
    .thread T_0;
# The file index is used to find the file name in the following table.
:file_names 4;
    "N/A";
    "<interactive>";
    "-";
    "simple_register.sv";
